<?xml version="1.0" encoding="UTF-8"?>
<testng-results skipped="0" failed="0" total="1" passed="1">
  <reporter-output>
  </reporter-output>
  <suite name="Default suite" duration-ms="38155" started-at="2018-12-15T02:16:07Z" finished-at="2018-12-15T02:16:46Z">
    <groups>
    </groups>
    <test name="Default test" duration-ms="38155" started-at="2018-12-15T02:16:07Z" finished-at="2018-12-15T02:16:46Z">
      <class name="src.test.java.module_1.project1.AppTest">
        <test-method status="PASS" signature="beforeTest()[pri:0, instance:src.test.java.module_1.project1.AppTest@735b5592]" name="beforeTest" is-config="true" duration-ms="27628" started-at="2018-12-14T21:16:07Z" finished-at="2018-12-14T21:16:35Z">
          <reporter-output>
          </reporter-output>
        </test-method> <!-- beforeTest -->
        <test-method status="PASS" signature="test()[pri:0, instance:src.test.java.module_1.project1.AppTest@735b5592]" name="test" duration-ms="5481" started-at="2018-12-14T21:16:35Z" finished-at="2018-12-14T21:16:41Z">
          <reporter-output>
          </reporter-output>
        </test-method> <!-- test -->
        <test-method status="PASS" signature="afterTest()[pri:0, instance:src.test.java.module_1.project1.AppTest@735b5592]" name="afterTest" is-config="true" duration-ms="5023" started-at="2018-12-14T21:16:41Z" finished-at="2018-12-14T21:16:46Z">
          <reporter-output>
          </reporter-output>
        </test-method> <!-- afterTest -->
      </class> <!-- src.test.java.module_1.project1.AppTest -->
    </test> <!-- Default test -->
  </suite> <!-- Default suite -->
</testng-results>
